Watching for file changes with StatReloader
E:\development\Django\mPdigreeTest\employeeSystem\employeeSystem\settings.py changed, reloading.
Watching for file changes with StatReloader
E:\development\Django\mPdigreeTest\employeeSystem\home\views.py changed, reloading.
Watching for file changes with StatReloader
E:\development\Django\mPdigreeTest\employeeSystem\home\views.py changed, reloading.
Watching for file changes with StatReloader
E:\development\Django\mPdigreeTest\employeeSystem\home\views.py changed, reloading.
Watching for file changes with StatReloader
E:\development\Django\mPdigreeTest\employeeSystem\home\views.py changed, reloading.
Watching for file changes with StatReloader
E:\development\Django\mPdigreeTest\employeeSystem\home\views.py changed, reloading.
Watching for file changes with StatReloader
E:\development\Django\mPdigreeTest\employeeSystem\home\views.py changed, reloading.
Watching for file changes with StatReloader
E:\development\Django\mPdigreeTest\employeeSystem\home\views.py changed, reloading.
Watching for file changes with StatReloader
E:\development\Django\mPdigreeTest\employeeSystem\home\views.py changed, reloading.
Watching for file changes with StatReloader
E:\development\Django\mPdigreeTest\employeeSystem\home\views.py changed, reloading.
Watching for file changes with StatReloader
E:\development\Django\mPdigreeTest\employeeSystem\home\views.py changed, reloading.
Watching for file changes with StatReloader
E:\development\Django\mPdigreeTest\employeeSystem\home\views.py changed, reloading.
Watching for file changes with StatReloader
"GET / HTTP/1.1" 200 3367
"GET /static/css/base.css HTTP/1.1" 304 0
"GET /static/css/login.css HTTP/1.1" 304 0
"GET /static/images/logo.png HTTP/1.1" 304 0
"GET /static/css/imployee.css HTTP/1.1" 304 0
E:\development\Django\mPdigreeTest\employeeSystem\home\views.py changed, reloading.
Watching for file changes with StatReloader
E:\development\Django\mPdigreeTest\employeeSystem\home\views.py changed, reloading.
Watching for file changes with StatReloader
E:\development\Django\mPdigreeTest\employeeSystem\home\views.py changed, reloading.
Watching for file changes with StatReloader
E:\development\Django\mPdigreeTest\employeeSystem\home\views.py changed, reloading.
Watching for file changes with StatReloader
"GET / HTTP/1.1" 200 3367
E:\development\Django\mPdigreeTest\employeeSystem\employeeSystem\settings.py changed, reloading.
Watching for file changes with StatReloader
E:\development\Django\mPdigreeTest\employeeSystem\employeeSystem\settings.py changed, reloading.
Watching for file changes with StatReloader
"GET / HTTP/1.1" 200 3367
E:\development\Django\mPdigreeTest\employeeSystem\employeeSystem\settings.py changed, reloading.
Watching for file changes with StatReloader
E:\development\Django\mPdigreeTest\employeeSystem\employeeSystem\settings.py changed, reloading.
